<?xml version="1.0" encoding="UTF-8"?>
<!-- Generated by org.testng.reporters.JUnitXMLReporter -->
<testsuite ignored="2" hostname="User" failures="0" tests="1" name="Test_5" time="10.657" errors="0" timestamp="2024-12-23T16:03:28 IST">
  <testcase classname="com.CRM.ProductsTest.TestScriptForProducts" name="addProductName" time="0.0">
    <skipped/>
  </testcase> <!-- addProductName -->
  <testcase classname="com.CRM.ProductsTest.TestScriptForProducts" name="addProductWithDate" time="0.0">
    <ignored/>
  </testcase> <!-- addProductWithDate -->
  <testcase classname="com.CRM.ProductsTest.TestScriptForProducts" name="addProductWithCredentials" time="0.0">
    <ignored/>
  </testcase> <!-- addProductWithCredentials -->
</testsuite> <!-- Test_5 -->
