<?xml version="1.0" encoding="UTF-8"?>
<!-- Generated by org.testng.reporters.JUnitXMLReporter -->
<testsuite ignored="2" hostname="User" failures="0" tests="1" name="Test_2" time="9.872" errors="0" timestamp="2024-12-23T16:03:27 IST">
  <testcase classname="com.CRM.ContactTest.TestScriptForCont" name="createContact" time="0.0">
    <skipped/>
  </testcase> <!-- createContact -->
  <testcase classname="com.CRM.ContactTest.TestScriptForCont" name="createContactWithOrgCredentials" time="0.0">
    <ignored/>
  </testcase> <!-- createContactWithOrgCredentials -->
  <testcase classname="com.CRM.ContactTest.TestScriptForCont" name="createContactWithDate" time="0.0">
    <ignored/>
  </testcase> <!-- createContactWithDate -->
</testsuite> <!-- Test_2 -->
