<?xml version="1.0" encoding="UTF-8"?>
<!-- Generated by org.testng.reporters.JUnitXMLReporter -->
<testsuite ignored="2" hostname="User" failures="0" tests="1" name="Test_3" time="10.249" errors="0" timestamp="2024-12-23T16:03:28 IST">
  <testcase classname="com.CRM.LeadsTest.TestScriptForLeads" name="createLeads" time="0.0">
    <skipped/>
  </testcase> <!-- createLeads -->
  <testcase classname="com.CRM.LeadsTest.TestScriptForLeads" name="createLeadsWithCredenials" time="0.0">
    <ignored/>
  </testcase> <!-- createLeadsWithCredenials -->
  <testcase classname="com.CRM.LeadsTest.TestScriptForLeads" name="createLeadsWithContact" time="0.0">
    <ignored/>
  </testcase> <!-- createLeadsWithContact -->
</testsuite> <!-- Test_3 -->
