<?xml version="1.0" encoding="UTF-8"?>
<testng-results ignored="0" total="4" passed="4" failed="0" skipped="0">
  <reporter-output>
  </reporter-output>
  <suite started-at="2024-11-08T13:00:52 IST" name="Suite" finished-at="2024-11-08T13:00:52 IST" duration-ms="65">
    <groups>
    </groups>
    <test started-at="2024-11-08T13:00:52 IST" name="Test" finished-at="2024-11-08T13:00:52 IST" duration-ms="65">
      <class name="Package1.PracticeTest">
        <test-method signature="Test3()[pri:0, instance:Package1.PracticeTest@16ec5519]" started-at="2024-11-08T13:00:52 IST" name="Test3" finished-at="2024-11-08T13:00:52 IST" duration-ms="6" status="PASS">
          <reporter-output>
          </reporter-output>
        </test-method> <!-- Test3 -->
        <test-method signature="Test4()[pri:0, instance:Package1.PracticeTest@16ec5519]" started-at="2024-11-08T13:00:52 IST" name="Test4" finished-at="2024-11-08T13:00:52 IST" duration-ms="0" status="PASS">
          <reporter-output>
          </reporter-output>
        </test-method> <!-- Test4 -->
      </class> <!-- Package1.PracticeTest -->
      <class name="Package1.NewclassTest">
        <test-method signature="test1()[pri:0, instance:Package1.NewclassTest@20ce78ec]" started-at="2024-11-08T13:00:52 IST" name="test1" finished-at="2024-11-08T13:00:52 IST" duration-ms="1" status="PASS">
          <reporter-output>
          </reporter-output>
        </test-method> <!-- test1 -->
        <test-method signature="test3()[pri:0, instance:Package1.NewclassTest@20ce78ec]" started-at="2024-11-08T13:00:52 IST" name="test3" finished-at="2024-11-08T13:00:52 IST" duration-ms="0" status="PASS">
          <reporter-output>
          </reporter-output>
        </test-method> <!-- test3 -->
      </class> <!-- Package1.NewclassTest -->
    </test> <!-- Test -->
  </suite> <!-- Suite -->
</testng-results>
