<?xml version="1.0" encoding="UTF-8"?>
<!-- Generated by org.testng.reporters.JUnitXMLReporter -->
<testsuite ignored="0" hostname="User" failures="0" tests="4" name="Test" time="0.065" errors="0" timestamp="2024-11-08T13:00:52 IST">
  <testcase classname="Package1.PracticeTest" name="Test3" time="0.006"/>
  <testcase classname="Package1.PracticeTest" name="Test4" time="0.0"/>
  <testcase classname="Package1.NewclassTest" name="test1" time="0.001"/>
  <testcase classname="Package1.NewclassTest" name="test3" time="0.0"/>
</testsuite> <!-- Test -->
