<?xml version="1.0" encoding="UTF-8"?>
<testsuite xmlns:xsi="http://www.w3.org/2001/XMLSchema-instance" xsi:noNamespaceSchemaLocation="https://maven.apache.org/surefire/maven-surefire-plugin/xsd/surefire-test-report-3.0.xsd" version="3.0" name="TestSuite" time="512.958" tests="25" errors="0" skipped="4" failures="2">
  <properties>
[...]
</properties>
  <testcase name="createContact" classname="com.CRM.ContactTest.TestScriptForCont" time="15.749">
    <system-out><![CDATA[I--Suite Execution Starts.....
===Database connection is Given===
I--Test Execution Starts.....
    ====Preconditions are Given====    
      =====Launching the Browser=====      
        =====  Login  =====        
I--Test Execution Starts.....
Deepak_1404 is added to Database

Deepak_1404 is added

9879199242 is added
]]></system-out>
    <system-err><![CDATA[SLF4J: Failed to load class "org.slf4j.impl.StaticLoggerBinder".
SLF4J: Defaulting to no-operation (NOP) logger implementation
SLF4J: See http://www.slf4j.org/codes.html#StaticLoggerBinder for further details.
Loading class `com.mysql.jdbc.Driver'. This is deprecated. The new driver class is `com.mysql.cj.jdbc.Driver'. The driver is automatically registered via the SPI and manual loading of the driver class is generally unnecessary.
Nov 08, 2024 12:29:39 PM io.opentelemetry.api.GlobalOpenTelemetry maybeAutoConfigureAndSetGlobal
INFO: AutoConfiguredOpenTelemetrySdk found on classpath but automatic configuration is disabled. To enable, run your JVM with -Dotel.java.global-autoconfigure.enabled=true
ERROR StatusLogger Log4j2 could not find a logging implementation. Please add log4j-core to the classpath. Using SimpleLogger to log to the console...
Nov 08, 2024 12:29:43 PM org.openqa.selenium.devtools.CdpVersionFinder findNearestMatch
WARNING: Unable to find CDP implementation matching 130
Nov 08, 2024 12:29:43 PM org.openqa.selenium.chromium.ChromiumDriver lambda$new$5
WARNING: Unable to find version of CDP to use for 130.0.6723.116. You may need to include a dependency on a specific version of the CDP using something similar to `org.seleniumhq.selenium:selenium-devtools-v86:4.12.1` where the version ("v86") matches the version of the chromium-based browser you're using and the version number of the artifact is the same as Selenium's.
]]></system-err>
  </testcase>
  <testcase name="createContactWithDate" classname="com.CRM.ContactTest.TestScriptForCont" time="12.785">
    <system-out><![CDATA[I--Test Execution Success.....
        =====  Logout  =====        
        =====  Login  =====        
I--Test Execution Starts.....
Deepak_1237 is added to Database
Deepak_1237 is added
987919434 is added
2024-11-08 is added
2024-12-08 is added
]]></system-out>
  </testcase>
  <testcase name="createContactWithOrgCredentials" classname="com.CRM.ContactTest.TestScriptForCont" time="50.186">
    <system-out><![CDATA[I--Test Execution Success.....
        =====  Logout  =====        
        =====  Login  =====        
I--Test Execution Starts.....
Facebook_1022 is added to Database
99899192 is added...
Education is added...
Customer is added...
Organization is created
Deepak_443 is added to Database
Deepak_443 is added
9879191668 is added
2024-11-08 is added
2024-12-08 is added
]]></system-out>
  </testcase>
  <testcase name="createLeads" classname="com.CRM.LeadsTest.TestScriptForLeads" time="13.195">
    <system-out><![CDATA[I--Test Execution Success.....
        =====  Logout  =====        
     =====Closing the Browser=====     
      =====Launching the Browser=====      
        =====  Login  =====        
I--Test Execution Starts.....
Kumar_60 is added to Database
Nandha is added
Kumar_60 is added
Amazon_76 is added
]]></system-out>
    <system-err><![CDATA[Nov 08, 2024 12:31:22 PM org.openqa.selenium.remote.http.WebSocket$Listener onError
WARNING: Connection reset
java.net.SocketException: Connection reset
	at java.base/sun.nio.ch.SocketChannelImpl.throwConnectionReset(SocketChannelImpl.java:394)
	at java.base/sun.nio.ch.SocketChannelImpl.read(SocketChannelImpl.java:426)
	at io.netty.buffer.PooledByteBuf.setBytes(PooledByteBuf.java:254)
	at io.netty.buffer.AbstractByteBuf.writeBytes(AbstractByteBuf.java:1132)
	at io.netty.channel.socket.nio.NioSocketChannel.doReadBytes(NioSocketChannel.java:357)
	at io.netty.channel.nio.AbstractNioByteChannel$NioByteUnsafe.read(AbstractNioByteChannel.java:151)
	at io.netty.channel.nio.NioEventLoop.processSelectedKey(NioEventLoop.java:788)
	at io.netty.channel.nio.NioEventLoop.processSelectedKeysOptimized(NioEventLoop.java:724)
	at io.netty.channel.nio.NioEventLoop.processSelectedKeys(NioEventLoop.java:650)
	at io.netty.channel.nio.NioEventLoop.run(NioEventLoop.java:562)
	at io.netty.util.concurrent.SingleThreadEventExecutor$4.run(SingleThreadEventExecutor.java:997)
	at io.netty.util.internal.ThreadExecutorMap$2.run(ThreadExecutorMap.java:74)
	at io.netty.util.concurrent.FastThreadLocalRunnable.run(FastThreadLocalRunnable.java:30)
	at java.base/java.lang.Thread.run(Thread.java:842)

Nov 08, 2024 12:31:24 PM org.openqa.selenium.devtools.CdpVersionFinder findNearestMatch
WARNING: Unable to find CDP implementation matching 130
Nov 08, 2024 12:31:24 PM org.openqa.selenium.chromium.ChromiumDriver lambda$new$5
WARNING: Unable to find version of CDP to use for 130.0.6723.116. You may need to include a dependency on a specific version of the CDP using something similar to `org.seleniumhq.selenium:selenium-devtools-v86:4.12.1` where the version ("v86") matches the version of the chromium-based browser you're using and the version number of the artifact is the same as Selenium's.
]]></system-err>
  </testcase>
  <testcase name="createLeadsWithContact" classname="com.CRM.LeadsTest.TestScriptForLeads" time="12.778">
    <system-out><![CDATA[I--Test Execution Success.....
        =====  Logout  =====        
        =====  Login  =====        
I--Test Execution Starts.....
Kumar_55 is added to Database
Kumar_55 is added
Amazon_17 is added
9985431222 is added
]]></system-out>
  </testcase>
  <testcase name="createLeadsWithCredenials" classname="com.CRM.LeadsTest.TestScriptForLeads" time="14.121">
    <system-out><![CDATA[I--Test Execution Success.....
        =====  Logout  =====        
        =====  Login  =====        
I--Test Execution Starts.....
Kumar_54 is added to Database
Nandha is added
Kumar_54 is added
Amazon_34 is added
9985431089 is added
Existing Customer is added
Engineering is added
Contacted is added
Active is added
]]></system-out>
  </testcase>
  <testcase name="createOrg" classname="com.CRM.OrganisationTest.TestScriptForOrganisation" time="0.0">
    <skipped message="The following asserts failed:&#10;	Organization is created expected [Facebook_10365] but found [Facebook_1036]"/>
    <system-out><![CDATA[I--Test Execution Success.....
        =====  Logout  =====        
     =====Closing the Browser=====     
      =====Launching the Browser=====      
        =====  Login  =====        
I--Test Execution Starts.....
Facebook_1036 is added to Database
]]></system-out>
    <system-err><![CDATA[Nov 08, 2024 12:32:26 PM org.openqa.selenium.devtools.CdpVersionFinder findNearestMatch
WARNING: Unable to find CDP implementation matching 130
Nov 08, 2024 12:32:26 PM org.openqa.selenium.chromium.ChromiumDriver lambda$new$5
WARNING: Unable to find version of CDP to use for 130.0.6723.116. You may need to include a dependency on a specific version of the CDP using something similar to `org.seleniumhq.selenium:selenium-devtools-v86:4.12.1` where the version ("v86") matches the version of the chromium-based browser you're using and the version number of the artifact is the same as Selenium's.
]]></system-err>
  </testcase>
  <testcase name="createOrg" classname="com.CRM.OrganisationTest.TestScriptForOrganisation" time="0.0">
    <skipped message="The following asserts failed:&#10;	Organization is created expected [Facebook_30095] but found [Facebook_3009]"/>
    <system-out><![CDATA[I--Test Execution Skipped.....
        =====  Logout  =====        
        =====  Login  =====        
I--Test Execution Starts.....
Facebook_3009 is added to Database
]]></system-out>
  </testcase>
  <testcase name="createOrg" classname="com.CRM.OrganisationTest.TestScriptForOrganisation" time="13.778">
    <failure message="The following asserts failed:&#10;	Organization is created expected [Facebook_60095] but found [Facebook_6009]" type="java.lang.AssertionError"><![CDATA[java.lang.AssertionError: 
The following asserts failed:
	Organization is created expected [Facebook_60095] but found [Facebook_6009]
	at org.testng.asserts.SoftAssert.assertAll(SoftAssert.java:46)
	at org.testng.asserts.SoftAssert.assertAll(SoftAssert.java:30)
	at com.CRM.ObjectRepository.OrganisationInfoPage.verifyOrgName(OrganisationInfoPage.java:119)
	at com.CRM.OrganisationTest.TestScriptForOrganisation.createOrg(TestScriptForOrganisation.java:33)
	at java.base/jdk.internal.reflect.NativeMethodAccessorImpl.invoke0(Native Method)
	at java.base/jdk.internal.reflect.NativeMethodAccessorImpl.invoke(NativeMethodAccessorImpl.java:77)
	at java.base/jdk.internal.reflect.DelegatingMethodAccessorImpl.invoke(DelegatingMethodAccessorImpl.java:43)
	at java.base/java.lang.reflect.Method.invoke(Method.java:568)
	at org.testng.internal.invokers.MethodInvocationHelper.invokeMethod(MethodInvocationHelper.java:139)
	at org.testng.internal.invokers.TestInvoker.invokeMethod(TestInvoker.java:677)
	at org.testng.internal.invokers.TestInvoker.retryFailed(TestInvoker.java:263)
	at org.testng.internal.invokers.MethodRunner.runInSequence(MethodRunner.java:62)
	at org.testng.internal.invokers.TestInvoker$MethodInvocationAgent.invoke(TestInvoker.java:969)
	at org.testng.internal.invokers.TestInvoker.invokeTestMethods(TestInvoker.java:194)
	at org.testng.internal.invokers.TestMethodWorker.invokeTestMethods(TestMethodWorker.java:148)
	at org.testng.internal.invokers.TestMethodWorker.run(TestMethodWorker.java:128)
	at java.base/java.util.ArrayList.forEach(ArrayList.java:1511)
	at org.testng.TestRunner.privateRun(TestRunner.java:829)
	at org.testng.TestRunner.run(TestRunner.java:602)
	at org.testng.SuiteRunner.runTest(SuiteRunner.java:437)
	at org.testng.SuiteRunner.runSequentially(SuiteRunner.java:431)
	at org.testng.SuiteRunner.privateRun(SuiteRunner.java:391)
	at org.testng.SuiteRunner.run(SuiteRunner.java:330)
	at org.testng.SuiteRunnerWorker.runSuite(SuiteRunnerWorker.java:52)
	at org.testng.SuiteRunnerWorker.run(SuiteRunnerWorker.java:95)
	at org.testng.TestNG.runSuitesSequentially(TestNG.java:1256)
	at org.testng.TestNG.runSuitesLocally(TestNG.java:1176)
	at org.testng.TestNG.runSuites(TestNG.java:1099)
	at org.testng.TestNG.run(TestNG.java:1067)
	at org.apache.maven.surefire.testng.TestNGExecutor.run(TestNGExecutor.java:155)
	at org.apache.maven.surefire.testng.TestNGDirectoryTestSuite.executeMulti(TestNGDirectoryTestSuite.java:169)
	at org.apache.maven.surefire.testng.TestNGDirectoryTestSuite.execute(TestNGDirectoryTestSuite.java:88)
	at org.apache.maven.surefire.testng.TestNGProvider.invoke(TestNGProvider.java:137)
	at org.apache.maven.surefire.booter.ForkedBooter.runSuitesInProcess(ForkedBooter.java:385)
	at org.apache.maven.surefire.booter.ForkedBooter.execute(ForkedBooter.java:162)
	at org.apache.maven.surefire.booter.ForkedBooter.run(ForkedBooter.java:507)
	at org.apache.maven.surefire.booter.ForkedBooter.main(ForkedBooter.java:495)
]]></failure>
    <system-out><![CDATA[I--Test Execution Skipped.....
        =====  Logout  =====        
        =====  Login  =====        
I--Test Execution Starts.....
Facebook_6009 is added to Database
]]></system-out>
  </testcase>
  <testcase name="createOrgWithContact" classname="com.CRM.OrganisationTest.TestScriptForOrganisation" time="13.931">
    <system-out><![CDATA[I--Test Execution Fails.....
Screenshot is Taken....
        =====  Logout  =====        
        =====  Login  =====        
I--Test Execution Starts.....
Facebook_6941 is added to Database
Organization is created
998991932 is added...
]]></system-out>
  </testcase>
  <testcase name="createOrgWithCredentials" classname="com.CRM.OrganisationTest.TestScriptForOrganisation" time="14.01">
    <system-out><![CDATA[I--Test Execution Success.....
        =====  Logout  =====        
        =====  Login  =====        
I--Test Execution Starts.....
Facebook_5587 is added to Database
Organization is created
9989917286 is added...
Education is added...
Customer is added...
]]></system-out>
  </testcase>
  <testcase name="deleteOrg" classname="com.CRM.OrganisationTest.TestScriptForOrganisation" time="38.105">
    <system-out><![CDATA[I--Test Execution Success.....
        =====  Logout  =====        
        =====  Login  =====        
I--Test Execution Starts.....
Facebook_1306 is added to Database
Organization is created
998991875 is added...
]]></system-out>
  </testcase>
  <testcase name="addProductName" classname="com.CRM.ProductsTest.TestScriptForProducts" time="16.241">
    <system-out><![CDATA[I--Test Execution Success.....
        =====  Logout  =====        
     =====Closing the Browser=====     
      =====Launching the Browser=====      
        =====  Login  =====        
I--Test Execution Starts.....
Front Shaft is added to Database
Front Shaft is added
CPMV4H 2603CA is added
]]></system-out>
    <system-err><![CDATA[Nov 08, 2024 12:34:59 PM org.openqa.selenium.devtools.CdpVersionFinder findNearestMatch
WARNING: Unable to find CDP implementation matching 130
Nov 08, 2024 12:34:59 PM org.openqa.selenium.chromium.ChromiumDriver lambda$new$5
WARNING: Unable to find version of CDP to use for 130.0.6723.116. You may need to include a dependency on a specific version of the CDP using something similar to `org.seleniumhq.selenium:selenium-devtools-v86:4.12.1` where the version ("v86") matches the version of the chromium-based browser you're using and the version number of the artifact is the same as Selenium's.
]]></system-err>
  </testcase>
  <testcase name="addProductWithCredentials" classname="com.CRM.ProductsTest.TestScriptForProducts" time="13.948">
    <system-out><![CDATA[I--Test Execution Success.....
        =====  Logout  =====        
        =====  Login  =====        
I--Test Execution Starts.....
Front Shaft is added to Database
Front Shaft is added
CPMV4H 26069CA is added
AltvetPet Inc. is added
Software is added
2024-11-08 is added
2025-01-07 is added
2024-10-29 is added
2025-05-07 is added
]]></system-out>
  </testcase>
  <testcase name="addProductWithDate" classname="com.CRM.ProductsTest.TestScriptForProducts" time="14.252">
    <system-out><![CDATA[I--Test Execution Success.....
        =====  Logout  =====        
        =====  Login  =====        
I--Test Execution Starts.....
Front Shaft is added to Database
Front Shaft is added
CPMV4H 26076CA is added
2024-11-08 is added
2025-01-07 is added
2024-10-29 is added
2025-05-07 is added
]]></system-out>
  </testcase>
  <testcase name="addServiceName" classname="com.CRM.ServicesTest.TestScriptForServices" time="11.685">
    <system-out><![CDATA[I--Test Execution Success.....
        =====  Logout  =====        
     =====Closing the Browser=====     
      =====Launching the Browser=====      
        =====  Login  =====        
I--Test Execution Starts.....
Teaching_44 is added to Database
Teaching_44 is added
https://www.qspiders.com/ is added
]]></system-out>
    <system-err><![CDATA[Nov 08, 2024 12:36:07 PM org.openqa.selenium.devtools.CdpVersionFinder findNearestMatch
WARNING: Unable to find CDP implementation matching 130
Nov 08, 2024 12:36:07 PM org.openqa.selenium.chromium.ChromiumDriver lambda$new$5
WARNING: Unable to find version of CDP to use for 130.0.6723.116. You may need to include a dependency on a specific version of the CDP using something similar to `org.seleniumhq.selenium:selenium-devtools-v86:4.12.1` where the version ("v86") matches the version of the chromium-based browser you're using and the version number of the artifact is the same as Selenium's.
]]></system-err>
  </testcase>
  <testcase name="addServicesWithCredentials" classname="com.CRM.ServicesTest.TestScriptForServices" time="12.899">
    <system-out><![CDATA[I--Test Execution Success.....
        =====  Logout  =====        
        =====  Login  =====        
I--Test Execution Starts.....
Data is saved.....
Teaching_12 is added to Database
Teaching_12 is added
https://www.qspiders.com/ is added
2024-11-08 is added
2025-01-07 is added
2024-10-29 is added
2025-05-07 is added
]]></system-out>
  </testcase>
  <testcase name="addServiceswithDate" classname="com.CRM.ServicesTest.TestScriptForServices" time="12.83">
    <system-out><![CDATA[I--Test Execution Success.....
        =====  Logout  =====        
        =====  Login  =====        
I--Test Execution Starts.....
Teaching_11 is added to Database
Teaching_11 is added
https://www.qspiders.com/ is added
2024-11-08 is added
2025-01-07 is added
2024-10-29 is added
2025-05-07 is added
]]></system-out>
  </testcase>
  <testcase name="executeForCreatingContact" classname="LearnConfigAnnotationsWithBaseClass.TestScriptForContacts" time="0.0">
    <skipped message="expected [HRM] but found [Administrator - Home - vtiger CRM 5 - Commercial Open Source CRM]"/>
    <system-out><![CDATA[I--Test Execution Success.....
        =====  Logout  =====        
     =====Closing the Browser=====     
      =====Launching the Browser=====      
        =====  Login  =====        
I--Test Execution Starts.....
]]></system-out>
    <system-err><![CDATA[Nov 08, 2024 12:37:06 PM org.openqa.selenium.devtools.CdpVersionFinder findNearestMatch
WARNING: Unable to find CDP implementation matching 130
Nov 08, 2024 12:37:06 PM org.openqa.selenium.chromium.ChromiumDriver lambda$new$5
WARNING: Unable to find version of CDP to use for 130.0.6723.116. You may need to include a dependency on a specific version of the CDP using something similar to `org.seleniumhq.selenium:selenium-devtools-v86:4.12.1` where the version ("v86") matches the version of the chromium-based browser you're using and the version number of the artifact is the same as Selenium's.
]]></system-err>
  </testcase>
  <testcase name="executeForCreatingContact" classname="LearnConfigAnnotationsWithBaseClass.TestScriptForContacts" time="0.0">
    <skipped message="expected [HRM] but found [Administrator - Home - vtiger CRM 5 - Commercial Open Source CRM]"/>
    <system-out><![CDATA[I--Test Execution Skipped.....
        =====  Logout  =====        
        =====  Login  =====        
I--Test Execution Starts.....
]]></system-out>
  </testcase>
  <testcase name="executeForCreatingContact" classname="LearnConfigAnnotationsWithBaseClass.TestScriptForContacts" time="0.015">
    <failure message="expected [HRM] but found [Administrator - Home - vtiger CRM 5 - Commercial Open Source CRM]" type="java.lang.AssertionError"><![CDATA[java.lang.AssertionError: expected [HRM] but found [Administrator - Home - vtiger CRM 5 - Commercial Open Source CRM]
	at org.testng.Assert.fail(Assert.java:110)
	at org.testng.Assert.failNotEquals(Assert.java:1577)
	at org.testng.Assert.assertEqualsImpl(Assert.java:149)
	at org.testng.Assert.assertEquals(Assert.java:131)
	at org.testng.Assert.assertEquals(Assert.java:655)
	at org.testng.Assert.assertEquals(Assert.java:665)
	at LearnConfigAnnotationsWithBaseClass.TestScriptForContacts.executeForCreatingContact(TestScriptForContacts.java:15)
	at java.base/jdk.internal.reflect.NativeMethodAccessorImpl.invoke0(Native Method)
	at java.base/jdk.internal.reflect.NativeMethodAccessorImpl.invoke(NativeMethodAccessorImpl.java:77)
	at java.base/jdk.internal.reflect.DelegatingMethodAccessorImpl.invoke(DelegatingMethodAccessorImpl.java:43)
	at java.base/java.lang.reflect.Method.invoke(Method.java:568)
	at org.testng.internal.invokers.MethodInvocationHelper.invokeMethod(MethodInvocationHelper.java:139)
	at org.testng.internal.invokers.TestInvoker.invokeMethod(TestInvoker.java:677)
	at org.testng.internal.invokers.TestInvoker.retryFailed(TestInvoker.java:263)
	at org.testng.internal.invokers.MethodRunner.runInSequence(MethodRunner.java:62)
	at org.testng.internal.invokers.TestInvoker$MethodInvocationAgent.invoke(TestInvoker.java:969)
	at org.testng.internal.invokers.TestInvoker.invokeTestMethods(TestInvoker.java:194)
	at org.testng.internal.invokers.TestMethodWorker.invokeTestMethods(TestMethodWorker.java:148)
	at org.testng.internal.invokers.TestMethodWorker.run(TestMethodWorker.java:128)
	at java.base/java.util.ArrayList.forEach(ArrayList.java:1511)
	at org.testng.TestRunner.privateRun(TestRunner.java:829)
	at org.testng.TestRunner.run(TestRunner.java:602)
	at org.testng.SuiteRunner.runTest(SuiteRunner.java:437)
	at org.testng.SuiteRunner.runSequentially(SuiteRunner.java:431)
	at org.testng.SuiteRunner.privateRun(SuiteRunner.java:391)
	at org.testng.SuiteRunner.run(SuiteRunner.java:330)
	at org.testng.SuiteRunnerWorker.runSuite(SuiteRunnerWorker.java:52)
	at org.testng.SuiteRunnerWorker.run(SuiteRunnerWorker.java:95)
	at org.testng.TestNG.runSuitesSequentially(TestNG.java:1256)
	at org.testng.TestNG.runSuitesLocally(TestNG.java:1176)
	at org.testng.TestNG.runSuites(TestNG.java:1099)
	at org.testng.TestNG.run(TestNG.java:1067)
	at org.apache.maven.surefire.testng.TestNGExecutor.run(TestNGExecutor.java:155)
	at org.apache.maven.surefire.testng.TestNGDirectoryTestSuite.executeMulti(TestNGDirectoryTestSuite.java:169)
	at org.apache.maven.surefire.testng.TestNGDirectoryTestSuite.execute(TestNGDirectoryTestSuite.java:88)
	at org.apache.maven.surefire.testng.TestNGProvider.invoke(TestNGProvider.java:137)
	at org.apache.maven.surefire.booter.ForkedBooter.runSuitesInProcess(ForkedBooter.java:385)
	at org.apache.maven.surefire.booter.ForkedBooter.execute(ForkedBooter.java:162)
	at org.apache.maven.surefire.booter.ForkedBooter.run(ForkedBooter.java:507)
	at org.apache.maven.surefire.booter.ForkedBooter.main(ForkedBooter.java:495)
]]></failure>
    <system-out><![CDATA[I--Test Execution Skipped.....
        =====  Logout  =====        
        =====  Login  =====        
I--Test Execution Starts.....
]]></system-out>
  </testcase>
  <testcase name="executeForCreatingContactWithDate" classname="LearnConfigAnnotationsWithBaseClass.TestScriptForContacts" time="0.0">
    <system-out><![CDATA[I--Test Execution Fails.....
Screenshot is Taken....
        =====  Logout  =====        
        =====  Login  =====        
I--Test Execution Starts.....
TC_002--->Creating Contact with Date got Executed....
]]></system-out>
  </testcase>
  <testcase name="executeForCreatingOrg" classname="LearnConfigAnnotationsWithBaseClass.TestScriptForOrg" time="0.001">
    <system-out><![CDATA[I--Test Execution Success.....
        =====  Logout  =====        
     =====Closing the Browser=====     
      =====Launching the Browser=====      
        =====  Login  =====        
I--Test Execution Starts.....
TC_003--->Creating ORG got Executed....
]]></system-out>
    <system-err><![CDATA[Nov 08, 2024 12:37:45 PM org.openqa.selenium.devtools.CdpVersionFinder findNearestMatch
WARNING: Unable to find CDP implementation matching 130
Nov 08, 2024 12:37:45 PM org.openqa.selenium.chromium.ChromiumDriver lambda$new$5
WARNING: Unable to find version of CDP to use for 130.0.6723.116. You may need to include a dependency on a specific version of the CDP using something similar to `org.seleniumhq.selenium:selenium-devtools-v86:4.12.1` where the version ("v86") matches the version of the chromium-based browser you're using and the version number of the artifact is the same as Selenium's.
]]></system-err>
  </testcase>
  <testcase name="executeForCreatingOrgWithIndustry" classname="LearnConfigAnnotationsWithBaseClass.TestScriptForOrg" time="0.0">
    <system-out><![CDATA[I--Test Execution Success.....
        =====  Logout  =====        
        =====  Login  =====        
I--Test Execution Starts.....
TC_004--->Creating ORG with Industry got Executed....
]]></system-out>
  </testcase>
  <testcase name="amazonPage" classname="LearnTestNGScreenshots.TestNGScreenshot" time="3.282">
    <system-out><![CDATA[I--Test Execution Success.....
        =====  Logout  =====        
     =====Closing the Browser=====     
I--Test Execution Starts.....
]]></system-out>
    <system-err><![CDATA[Nov 08, 2024 12:38:07 PM org.openqa.selenium.devtools.CdpVersionFinder findNearestMatch
WARNING: Unable to find CDP implementation matching 130
Nov 08, 2024 12:38:07 PM org.openqa.selenium.chromium.ChromiumDriver lambda$new$5
WARNING: Unable to find version of CDP to use for 130.0.6723.116. You may need to include a dependency on a specific version of the CDP using something similar to `org.seleniumhq.selenium:selenium-devtools-v86:4.12.1` where the version ("v86") matches the version of the chromium-based browser you're using and the version number of the artifact is the same as Selenium's.
]]></system-err>
  </testcase>
</testsuite>